<?xml version="1.0" encoding="UTF-8"?>
<!-- Generated by org.testng.reporters.JUnitXMLReporter -->
<testsuite ignored="0" hostname="DESKTOP-BQL01KG" failures="0" tests="10" name="API Tests" time="4.721" errors="0" timestamp="2026-06-08T19:41:59 IST">
  <testcase classname="tests.UserApiTest" name="verifyStatusCode" time="0.97"/>
  <testcase classname="tests.UserApiTest" name="verifyResponseBody" time="0.768"/>
  <testcase classname="tests.UserApiTest" name="verifyHeaders" time="0.03"/>
  <testcase classname="tests.ProductApiTest" name="verifyResponseTime" time="0.024"/>
  <testcase classname="tests.ProductApiTest" name="verifyProductCount" time="0.047"/>
  <testcase classname="tests.ProductApiTest" name="verifyProductDetails" time="0.11"/>
  <testcase classname="tests.CreateUserTest" name="createUser" time="0.032"/>
  <testcase classname="tests.CreateUserTest" name="verifyCreateUserResponse" time="0.031"/>
  <testcase classname="tests.UpdateUserTest" name="updateUser" time="0.03"/>
  <testcase classname="tests.DeleteUserTest" name="deleteUser" time="0.015"/>
</testsuite> <!-- API Tests -->
