<?xml version="1.0" encoding="UTF-8"?>
<!-- Generated by org.testng.reporters.JUnitXMLReporter -->
<testsuite ignored="0" hostname="DESKTOP-BQL01KG" failures="0" tests="3" name="Surefire test" time="3.818" errors="0" timestamp="2026-06-06T21:01:02 IST">
  <testcase classname="tests.CreateUserTest" name="createUser" time="1.875"/>
  <testcase classname="tests.ProductApiTest" name="verifyProducts" time="1.222"/>
  <testcase classname="tests.UserApiTest" name="verifyUserDetails" time="0.023"/>
</testsuite> <!-- Surefire test -->
