<?xml version="1.0" encoding="UTF-8"?>
<!-- Generated by org.testng.reporters.JUnitXMLReporter -->
<testsuite ignored="0" hostname="DESKTOP-BQL01KG" failures="0" tests="3" name="Test" time="2.52" errors="0" timestamp="2026-06-06T20:55:25 IST">
  <testcase classname="tests.ProductApiTest" name="verifyProducts" time="1.966"/>
  <testcase classname="tests.UserApiTest" name="verifyUserDetails" time="0.036"/>
  <testcase classname="tests.CreateUserTest" name="createUser" time="0.056"/>
</testsuite> <!-- Test -->
