<?xml version="1.0" encoding="UTF-8"?>
<testng-results ignored="0" total="3" passed="3" failed="0" skipped="0">
  <reporter-output>
  </reporter-output>
  <suite started-at="2026-06-06T21:00:58 IST" name="Surefire suite" finished-at="2026-06-06T21:01:02 IST" duration-ms="3818">
    <groups>
    </groups>
    <test started-at="2026-06-06T21:00:58 IST" name="Surefire test" finished-at="2026-06-06T21:01:02 IST" duration-ms="3818">
      <class name="tests.ProductApiTest">
        <test-method is-config="true" signature="setup()[pri:0, instance:tests.ProductApiTest@1139b2f3]" started-at="2026-06-06T21:01:01 IST" name="setup" finished-at="2026-06-06T21:01:01 IST" duration-ms="0" status="PASS">
          <reporter-output>
          </reporter-output>
        </test-method> <!-- setup -->
        <test-method signature="verifyProducts()[pri:0, instance:tests.ProductApiTest@1139b2f3]" started-at="2026-06-06T21:01:01 IST" name="verifyProducts" finished-at="2026-06-06T21:01:02 IST" duration-ms="1222" status="PASS">
          <reporter-output>
          </reporter-output>
        </test-method> <!-- verifyProducts -->
      </class> <!-- tests.ProductApiTest -->
      <class name="tests.CreateUserTest">
        <test-method is-config="true" signature="startMock()[pri:0, instance:tests.CreateUserTest@c267ef4]" started-at="2026-06-06T21:00:56 IST" name="startMock" finished-at="2026-06-06T21:00:58 IST" duration-ms="1463" status="PASS">
          <reporter-output>
          </reporter-output>
        </test-method> <!-- startMock -->
        <test-method is-config="true" signature="setup()[pri:0, instance:tests.CreateUserTest@c267ef4]" started-at="2026-06-06T21:00:58 IST" name="setup" finished-at="2026-06-06T21:00:59 IST" duration-ms="633" status="PASS">
          <reporter-output>
          </reporter-output>
        </test-method> <!-- setup -->
        <test-method signature="createUser()[pri:0, instance:tests.CreateUserTest@c267ef4]" started-at="2026-06-06T21:00:59 IST" name="createUser" finished-at="2026-06-06T21:01:01 IST" duration-ms="1875" status="PASS">
          <reporter-output>
          </reporter-output>
        </test-method> <!-- createUser -->
        <test-method is-config="true" signature="stopMock()[pri:0, instance:tests.CreateUserTest@c267ef4]" started-at="2026-06-06T21:01:02 IST" name="stopMock" finished-at="2026-06-06T21:01:02 IST" duration-ms="16" status="PASS">
          <reporter-output>
          </reporter-output>
        </test-method> <!-- stopMock -->
      </class> <!-- tests.CreateUserTest -->
      <class name="tests.UserApiTest">
        <test-method is-config="true" signature="setup()[pri:0, instance:tests.UserApiTest@7a69b07]" started-at="2026-06-06T21:01:02 IST" name="setup" finished-at="2026-06-06T21:01:02 IST" duration-ms="1" status="PASS">
          <reporter-output>
          </reporter-output>
        </test-method> <!-- setup -->
        <test-method signature="verifyUserDetails()[pri:0, instance:tests.UserApiTest@7a69b07]" started-at="2026-06-06T21:01:02 IST" name="verifyUserDetails" finished-at="2026-06-06T21:01:02 IST" duration-ms="23" status="PASS">
          <reporter-output>
          </reporter-output>
        </test-method> <!-- verifyUserDetails -->
      </class> <!-- tests.UserApiTest -->
    </test> <!-- Surefire test -->
  </suite> <!-- Surefire suite -->
</testng-results>
