<?xml version="1.0" encoding="UTF-8"?>
<testsuite xmlns:xsi="http://www.w3.org/2001/XMLSchema-instance" xsi:noNamespaceSchemaLocation="https://maven.apache.org/surefire/maven-surefire-plugin/xsd/surefire-test-report.xsd" version="3.0.2" name="TestSuite" time="5.964" tests="3" errors="0" skipped="0" failures="0">
  <properties>
[...]
</properties>
  <testcase name="createUser" classname="tests.CreateUserTest" time="1.872">
    <system-out><![CDATA[Loaded mappings: 3
Loaded mappings: 3
WireMock started on port 8089
]]></system-out>
    <system-err><![CDATA[SLF4J(W): No SLF4J providers were found.
SLF4J(W): Defaulting to no-operation (NOP) logger implementation
SLF4J(W): See https://www.slf4j.org/codes.html#noProviders for further details.
]]></system-err>
  </testcase>
  <testcase name="verifyProducts" classname="tests.ProductApiTest" time="1.233">
    <system-out><![CDATA[HTTP/1.1 200 OK
Content-Type: application/json
Matched-Stub-Id: d439cfca-d704-4a4e-a49c-1cb244742be2
Content-Encoding: gzip
Transfer-Encoding: chunked

[
    {
        "id": 1,
        "name": "Laptop"
    },
    {
        "id": 2,
        "name": "Mouse"
    }
]
]]></system-out>
  </testcase>
  <testcase name="verifyUserDetails" classname="tests.UserApiTest" time="0.012">
    <system-out><![CDATA[Base URI = http://localhost:8089
HTTP/1.1 200 OK
Content-Type: application/json
Matched-Stub-Id: 187f2053-2e83-48f2-9a52-c18bc4a8c4d5
Content-Encoding: gzip
Transfer-Encoding: chunked

{
    "id": 1,
    "name": "John Doe"
}
]]></system-out>
  </testcase>
</testsuite>