<?xml version="1.0" encoding="UTF-8"?>
<!-- Generated by org.testng.reporters.JUnitReportReporter -->
<testsuite hostname="DESKTOP-BQL01KG" failures="0" tests="3" name="tests.UserApiTest" time="2.342" errors="0" timestamp="2026-06-08T19:42:00 IST" skipped="0">
  <testcase classname="tests.UserApiTest" name="verifyStatusCode" time="0.987"/>
  <testcase classname="tests.UserApiTest" name="verifyResponseBody" time="1.146"/>
  <testcase classname="tests.UserApiTest" name="verifyHeaders" time="0.209"/>
</testsuite> <!-- tests.UserApiTest -->
