<?xml version="1.0" encoding="UTF-8"?>
<!-- Generated by org.testng.reporters.JUnitReportReporter -->
<testsuite hostname="DESKTOP-BQL01KG" failures="0" tests="3" name="tests.ProductApiTest" time="0.225" errors="0" timestamp="2026-06-08T19:42:00 IST" skipped="0">
  <testcase classname="tests.ProductApiTest" name="verifyResponseTime" time="0.040"/>
  <testcase classname="tests.ProductApiTest" name="verifyProductCount" time="0.061"/>
  <testcase classname="tests.ProductApiTest" name="verifyProductDetails" time="0.124"/>
</testsuite> <!-- tests.ProductApiTest -->
